<?xml version='1.0' encoding='UTF-8'?>
<testsuite hostname="DESKTOP-5B4AJ5V" name="HelloWorldTest" tests="1" errors="0" failures="0" skipped="0" time="0.017" timestamp="2024-10-19T21:34:32">
          <properties>
      <property name="java.specification.version" value="22"/><property name="sun.cpu.isalist" value="amd64"/><property name="sun.jnu.encoding" value="Cp1252"/><property name="sun.arch.data.model" value="64"/><property name="java.vendor.url" value="https://java.oracle.com/"/><property name="sun.boot.library.path" value="C:\Program Files\OpenJDK\jdk-22.0.2\bin"/><property name="sun.java.command" value="xsbt.boot.Boot test"/><property name="jdk.debug" value="release"/><property name="java.specification.vendor" value="Oracle Corporation"/><property name="java.version.date" value="2024-07-16"/><property name="java.home" value="C:\Program Files\OpenJDK\jdk-22.0.2"/><property name="file.separator" value="\"/><property name="java.vm.compressedOopsMode" value="32-bit"/><property name="line.separator" value="
"/><property name="java.vm.specification.vendor" value="Oracle Corporation"/><property name="java.specification.name" value="Java Platform API Specification"/><property name="user.script" value=""/><property name="sun.management.compiler" value="HotSpot 64-Bit Tiered Compilers"/><property name="java.runtime.version" value="22.0.2+9-70"/><property name="user.name" value="mahmo"/><property name="log4j.ignoreTCL" value="true"/><property name="file.encoding" value="UTF-8"/><property name="jnidispatch.path" value="C:\Users\mahmo\AppData\Local\Temp\jna-103656950\jna3283186968756760737.dll"/><property name="jna.loaded" value="true"/><property name="java.io.tmpdir" value="C:\Users\mahmo\AppData\Local\Temp\"/><property name="java.version" value="22.0.2"/><property name="java.vm.specification.name" value="Java Virtual Machine Specification"/><property name="sun.os.patch.level" value=""/><property name="native.encoding" value="Cp1252"/><property name="java.library.path" value="C:\Program Files\OpenJDK\jdk-22.0.2\bin;C:\WINDOWS\Sun\Java\bin;C:\WINDOWS\system32;C:\WINDOWS;C:\Program Files\OpenJDK\jdk-22.0.2\bin;C:\Program Files\PowerShell\7;C:\Users\mahmo\AppData\Local\nvim-data\mason\bin;C:\Users\mahmo\AppData\Local\nvim-data\mason\bin;C:\Program Files\PowerShell\7;C:\Python311\Scripts\;C:\Python311\;C:\Program Files\Microsoft\jdk-11.0.12.7-hotspot\bin;C:\Program Files (x86)\Razer Chroma SDK\bin;C:\Program Files\Razer Chroma SDK\bin;C:\Program Files (x86)\Razer\ChromaBroadcast\bin;C:\Program Files\Razer\ChromaBroadcast\bin;C:\WINDOWS\system32;C:\WINDOWS;C:\WINDOWS\System32\Wbem;C:\WINDOWS\System32\WindowsPowerShell\v1.0\;C:\WINDOWS\System32\OpenSSH\;C:\Program Files\NVIDIA Corporation\NVIDIA NvDLISR;C:\WINDOWS\system32\config\systemprofile\AppData\Local\Microsoft\WindowsApps;C:\Program Files\dotnet\;C:\Program Files\Microsoft SQL Server\150\Tools\Binn\;C:\Program Files\Microsoft SQL Server\Client SDK\ODBC\170\Tools\Binn\;C:\Program Files (x86)\Microsoft SQL Server\150\DTS\Binn\;C:\Program Files\Azure Data Studio\bin;C:\Program Files (x86)\Microsoft SQL Server\150\Tools\Binn\;C:\Program Files\Microsoft SQL Server\150\DTS\Binn\;C;C:\Program Files\Git\cmd;C:\ProgramData\chocolatey\bin;%NVM_HOME%;C:\Program Files\nodejs;C:\Program Files (x86)\NVIDIA Corporation\PhysX\Common;C:\Program Files (x86)\Yarn\bin\;C:\Program Files\PowerShell\7\;C:\Program Files\scala-cli-x86_64-pc-win32\;C:\Program Files\OpenJDK\jdk-22.0.2\bin;C:\Users\mahmo\scoop\apps\gcc\current\bin;C:\Users\mahmo\scoop\shims;C:\Users\mahmo\AppData\Local\Microsoft\WindowsApps;C:\Users\mahmo\AppData\Local\Programs\Microsoft VS Code\bin;C:\texlive\2021\bin\win32;C:\Users\mahmo\.dotnet\tools;C:\Program Files\Azure Data Studio\bin;C:\Users\mahmo\AppData\Local\Programs\oh-my-posh\bin;C:\Users\mahmo\exercism.exe;C:\MinGW\bin;C:\Program Files (x86)\Nmap;C:\Users\mahmo\AppData\Roaming\nvm;C:\Program Files\nodejs;C:\Users\mahmo\AppData\Local\Yarn\bin;C:\Exercism;C:\Users\mahmo\.dotnet\tools;C:\tools\neovim\nvim-win64\bin;;C:\Users\mahmo\AppData\Local\Coursier\data\bin;C:\tools\neovim\nvim-win64\bin;C:\tools\neovim\nvim-win64\bin;."/><property name="stderr.encoding" value="UTF-8"/><property name="java.vendor" value="Oracle Corporation"/><property name="scala.ext.dirs" value="C:\Users\mahmo\.sbt\1.0\java9-rt-ext-oracle_corporation_22_0_2"/><property name="sun.io.unicode.encoding" value="UnicodeLittle"/><property name="java.class.path" value="C:\Users\mahmo\AppData\Local\Coursier\cache\arc\https\github.com\sbt\sbt\releases\download\v1.10.2\sbt-1.10.2.zip\sbt\bin\sbt-launch.jar"/><property name="java.vm.vendor" value="Oracle Corporation"/><property name="user.variant" value=""/><property name="jline.shutdownhook" value="false"/><property name="user.timezone" value="Europe/Copenhagen"/><property name="java.vm.specification.version" value="22"/><property name="os.name" value="Windows 10"/><property name="sun.java.launcher" value="SUN_STANDARD"/><property name="user.country" value="DK"/><property name="sun.cpu.endian" value="little"/><property name="user.home" value="C:\Users\mahmo"/><property name="user.language" value="da"/><property name="sbt.ipcsocket.tmpdir" value="C:\Users\mahmo\AppData\Local\Temp\.sbta32378d5\ipcsocket"/><property name="swoval.tmpdir" value="C:\Users\mahmo\AppData\Local\Temp\.sbta32378d5\swoval"/><property name="jline.esc.timeout" value="0"/><property name="stdout.encoding" value="UTF-8"/><property name="path.separator" value=";"/><property name="os.version" value="10.0"/><property name="jna.nosys" value="true"/><property name="java.runtime.name" value="OpenJDK Runtime Environment"/><property name="java.vm.name" value="OpenJDK 64-Bit Server VM"/><property name="java.vendor.url.bug" value="https://bugreport.java.com/bugreport/"/><property name="user.dir" value="C:\Users\mahmo\Exercism\scala\hello-world"/><property name="os.arch" value="amd64"/><property name="java.vm.info" value="mixed mode, sharing"/><property name="java.vm.version" value="22.0.2+9-70"/><property name="java.class.version" value="66.0"/>
    </properties>
          <testcase classname="HelloWorldTest" name="Say Hi!" time="0.017">
                      
                    </testcase>
          <system-out><![CDATA[]]></system-out>
          <system-err><![CDATA[]]></system-err>
        </testsuite>