<?xml version='1.0' encoding='UTF-8'?>
<testsuite hostname="Mahmoods-Air" name="LeapTest" tests="4" errors="0" failures="0" skipped="0" time="0.014" timestamp="2024-10-19T22:55:45">
          <properties>
      <property name="java.specification.version" value="23"/><property name="sun.jnu.encoding" value="UTF-8"/><property name="java.class.path" value="/Users/mahmood/Library/Caches/Coursier/arc/https/github.com/sbt/sbt/releases/download/v1.10.2/sbt-1.10.2.zip/sbt/bin/sbt-launch.jar"/><property name="java.vm.vendor" value="Homebrew"/><property name="sun.arch.data.model" value="64"/><property name="jline.shutdownhook" value="false"/><property name="java.vendor.url" value="https://github.com/Homebrew/homebrew-core/issues"/><property name="user.timezone" value="Europe/Copenhagen"/><property name="java.vm.specification.version" value="23"/><property name="os.name" value="Mac OS X"/><property name="sun.java.launcher" value="SUN_STANDARD"/><property name="user.country" value="DK"/><property name="sun.boot.library.path" value="/opt/homebrew/Cellar/openjdk/23/libexec/openjdk.jdk/Contents/Home/lib"/><property name="sun.java.command" value="/Users/mahmood/Library/Caches/Coursier/arc/https/github.com/sbt/sbt/releases/download/v1.10.2/sbt-1.10.2.zip/sbt/bin/sbt-launch.jar test"/><property name="http.nonProxyHosts" value="local|*.local|169.254/16|*.169.254/16"/><property name="jdk.debug" value="release"/><property name="sun.cpu.endian" value="little"/><property name="user.home" value="/Users/mahmood"/><property name="user.language" value="en"/><property name="sbt.script" value="/Users/mahmood/Library/Caches/Coursier/arc/https/github.com/sbt/sbt/releases/download/v1.10.2/sbt-1.10.2.zip/sbt/bin/sbt"/><property name="java.specification.vendor" value="Oracle Corporation"/><property name="sbt.ipcsocket.tmpdir" value="/var/folders/72/6pf8d9jx03z2xdb3dmfqykfw0000gn/T/.sbt5be5e2cd/ipcsocket"/><property name="swoval.tmpdir" value="/var/folders/72/6pf8d9jx03z2xdb3dmfqykfw0000gn/T/.sbt5be5e2cd/swoval"/><property name="java.version.date" value="2024-09-17"/><property name="java.home" value="/opt/homebrew/Cellar/openjdk/23/libexec/openjdk.jdk/Contents/Home"/><property name="file.separator" value="/"/><property name="java.vm.compressedOopsMode" value="Zero based"/><property name="line.separator" value="
"/><property name="java.vm.specification.vendor" value="Oracle Corporation"/><property name="java.specification.name" value="Java Platform API Specification"/><property name="apple.awt.application.name" value="Boot"/><property name="jline.esc.timeout" value="0"/><property name="sun.management.compiler" value="HotSpot 64-Bit Tiered Compilers"/><property name="ftp.nonProxyHosts" value="local|*.local|169.254/16|*.169.254/16"/><property name="java.runtime.version" value="23"/><property name="user.name" value="mahmood"/><property name="stdout.encoding" value="UTF-8"/><property name="path.separator" value=":"/><property name="os.version" value="13.0"/><property name="jna.nosys" value="true"/><property name="java.runtime.name" value="OpenJDK Runtime Environment"/><property name="log4j.ignoreTCL" value="true"/><property name="file.encoding" value="UTF-8"/><property name="java.vm.name" value="OpenJDK 64-Bit Server VM"/><property name="java.vendor.version" value="Homebrew"/><property name="java.vendor.url.bug" value="https://github.com/Homebrew/homebrew-core/issues"/><property name="java.io.tmpdir" value="/var/folders/72/6pf8d9jx03z2xdb3dmfqykfw0000gn/T/"/><property name="java.version" value="23"/><property name="user.dir" value="/Users/mahmood/Exercism/scala/leap"/><property name="os.arch" value="aarch64"/><property name="java.vm.specification.name" value="Java Virtual Machine Specification"/><property name="native.encoding" value="UTF-8"/><property name="java.library.path" value="/Users/mahmood/Library/Java/Extensions:/Library/Java/Extensions:/Network/Library/Java/Extensions:/System/Library/Java/Extensions:/usr/lib/java:."/><property name="java.vm.info" value="mixed mode, sharing"/><property name="stderr.encoding" value="UTF-8"/><property name="java.vendor" value="Homebrew"/><property name="java.vm.version" value="23"/><property name="scala.ext.dirs" value="/Users/mahmood/.sbt/1.0/java9-rt-ext-homebrew_23"/><property name="sun.io.unicode.encoding" value="UnicodeBig"/><property name="socksNonProxyHosts" value="local|*.local|169.254/16|*.169.254/16"/><property name="java.class.version" value="67.0"/>
    </properties>
          <testcase classname="LeapTest" name="year not divisible by 4: common year" time="0.014">
                      
                    </testcase><testcase classname="LeapTest" name="year divisible by 4, not divisible by 100: leap year" time="0.0">
                      
                    </testcase><testcase classname="LeapTest" name="year divisible by 100, not divisible by 400: common year" time="0.0">
                      
                    </testcase><testcase classname="LeapTest" name="year divisible by 400: leap year" time="0.0">
                      
                    </testcase>
          <system-out><![CDATA[]]></system-out>
          <system-err><![CDATA[]]></system-err>
        </testsuite>